<?xml version="1.0" encoding="UTF-8"?>
<testsuite name="com.felcross.vendas.business.service.VendaServiceTest" tests="4" skipped="0" failures="0" errors="0" timestamp="2026-03-27T19:57:12.587Z" hostname="DESKTOP-DIFT32I" time="1.449">
  <properties/>
  <testcase name="Deve lançar BusinessException por estoque insuficiente" classname="com.felcross.vendas.business.service.VendaServiceTest" time="1.392"/>
  <testcase name="Deve confirmar venda com sucesso" classname="com.felcross.vendas.business.service.VendaServiceTest" time="0.015"/>
  <testcase name="Deve lançar ResourceNotFoundException para venda inexistente" classname="com.felcross.vendas.business.service.VendaServiceTest" time="0.007"/>
  <testcase name="Deve criar uma venda com sucesso" classname="com.felcross.vendas.business.service.VendaServiceTest" time="0.029"/>
  <system-out><![CDATA[]]></system-out>
  <system-err><![CDATA[Mockito is currently self-attaching to enable the inline-mock-maker. This will no longer work in future releases of the JDK. Please add Mockito as an agent to your build as described in Mockito's documentation: https://javadoc.io/doc/org.mockito/mockito-core/latest/org.mockito/org/mockito/Mockito.html#0.3
WARNING: A Java agent has been loaded dynamically (/home/fcross/.gradle/caches/modules-2/files-2.1/net.bytebuddy/byte-buddy-agent/1.17.8/f09415827a71be7ed621c7bd02550678f28bc81c/byte-buddy-agent-1.17.8.jar)
WARNING: If a serviceability tool is in use, please run with -XX:+EnableDynamicAgentLoading to hide this warning
WARNING: If a serviceability tool is not in use, please run with -Djdk.instrument.traceUsage for more information
WARNING: Dynamic loading of agents will be disallowed by default in a future release
]]></system-err>
</testsuite>
